<?xml version="1.0" encoding="UTF-8"?>
<!-- Generated by org.testng.reporters.JUnitReportReporter -->
<testsuite hostname="NKAdmins-MacBook-Air.local" failures="0" tests="4" name="testCases.TCC_002_CreatingLeadTestCase" time="136.874" errors="0" timestamp="2025-03-10T15:33:56 IST" skipped="0">
  <testcase classname="testCases.TCC_002_CreatingLeadTestCase" name="Login" time="8.527"/>
  <system-out/>
  <testcase classname="testCases.TCC_002_CreatingLeadTestCase" name="BCRMPortalRedirection" time="19.859"/>
  <system-out/>
  <testcase classname="testCases.TCC_002_CreatingLeadTestCase" name="DashboardPageValidation" time="0.409"/>
  <system-out/>
  <testcase classname="testCases.TCC_002_CreatingLeadTestCase" name="BlueticLeadCreation" time="108.079"/>
  <system-out/>
</testsuite> <!-- testCases.TCC_002_CreatingLeadTestCase -->
