<?xml version="1.0" encoding="UTF-8"?>
<!-- Generated by org.testng.reporters.JUnitReportReporter -->
<testsuite hostname="NKAdmins-MacBook-Air.local" failures="0" tests="5" name="testCases.TCC_003RNCApproval" time="93.207" errors="0" timestamp="2025-03-06T15:40:28 IST" skipped="0">
  <testcase classname="testCases.TCC_003RNCApproval" name="RNCLogin" time="9.903"/>
  <system-out/>
  <testcase classname="testCases.TCC_003RNCApproval" name="RedirectionToRNC" time="28.912"/>
  <system-out/>
  <testcase classname="testCases.TCC_003RNCApproval" name="ClientEmailFetchingGe" time="17.687"/>
  <system-out/>
  <testcase classname="testCases.TCC_003RNCApproval" name="RNCResellerApproval" time="33.378"/>
  <system-out/>
  <testcase classname="testCases.TCC_003RNCApproval" name="RNCLogout" time="3.327"/>
  <system-out/>
</testsuite> <!-- testCases.TCC_003RNCApproval -->
