<?xml version="1.0" encoding="UTF-8"?>
<!-- Generated by org.testng.reporters.JUnitReportReporter -->
<testsuite hostname="NKAdmins-MacBook-Air.local" failures="0" tests="2" name="testCases.TCC_005ClientLogin" time="11.546" errors="0" timestamp="2025-02-26T16:41:45 IST" skipped="0">
  <testcase classname="testCases.TCC_005ClientLogin" name="SetUp" time="7.985"/>
  <system-out/>
  <testcase classname="testCases.TCC_005ClientLogin" name="LeadLogin" time="3.561"/>
  <system-out/>
</testsuite> <!-- testCases.TCC_005ClientLogin -->
