<?xml version="1.0" encoding="UTF-8"?>
<!-- Generated by org.testng.reporters.JUnitReportReporter -->
<testsuite hostname="NKAdmins-MacBook-Air.local" failures="0" tests="4" name="testCases.TCC_004_RNCApprovalTestCase" time="20.035" errors="0" timestamp="2025-02-06T18:23:47 IST" skipped="0">
  <testcase classname="testCases.TCC_004_RNCApprovalTestCase" name="SetUp" time="14.904"/>
  <system-out/>
  <testcase classname="testCases.TCC_004_RNCApprovalTestCase" name="Login" time="5.097"/>
  <system-out/>
  <testcase classname="testCases.TCC_004_RNCApprovalTestCase" name="Approval" time="0.026"/>
  <system-out/>
  <testcase classname="testCases.TCC_004_RNCApprovalTestCase" name="logout" time="0.008"/>
  <system-out/>
</testsuite> <!-- testCases.TCC_004_RNCApprovalTestCase -->
